app/build/outputs/mapping/release/seeds.txt
android.support.design.widget.CoordinatorLayout$SavedState: android.os.Parcelable$Creator CREATOR
android.support.design.widget.FloatingActionButton
android.support.design.widget.FloatingActionButton: FloatingActionButton(android.content.Context)
android.support.design.widget.FloatingActionButton: FloatingActionButton(android.content.Context,android.util.AttributeSet)
android.support.design.widget.FloatingActionButton: FloatingActionButton(android.content.Context,android.util.AttributeSet,int)
android.support.design.widget.FloatingActionButton: void setRippleColor(int)
android.support.design.widget.FloatingActionButton: android.content.res.ColorStateList getBackgroundTintList()
android.support.design.widget.FloatingActionButton: void setBackgroundTintList(android.content.res.ColorStateList)
android.support.design.widget.FloatingActionButton: android.graphics.PorterDuff$Mode getBackgroundTintMode()
android.support.design.widget.FloatingActionButton: void setBackgroundTintMode(android.graphics.PorterDuff$Mode)
android.support.design.widget.FloatingActionButton: void setBackgroundDrawable(android.graphics.drawable.Drawable)
android.support.design.widget.FloatingActionButton: void setBackgroundResource(int)
android.support.design.widget.FloatingActionButton: void setBackgroundColor(int)
android.support.design.widget.FloatingActionButton: void setImageResource(int)
android.support.design.widget.FloatingActionButton: void setUseCompatPadding(boolean)
android.support.design.widget.FloatingActionButton: boolean getUseCompatPadding()
android.support.design.widget.FloatingActionButton$Behavior
android.support.design.widget.FloatingActionButton$Behavior: FloatingActionButton$Behavior()
android.support.design.widget.FloatingActionButton$Behavior: FloatingActionButton$Behavior(android.content.Context,android.util.AttributeSet)
android.support.design.widget.HeaderBehavior: HeaderBehavior()
android.support.design.widget.HeaderBehavior: HeaderBehavior(android.content.Context,android.util.AttributeSet)
android.support.design.widget.HeaderScrollingViewBehavior: HeaderScrollingViewBehavior()
android.support.design.widget.HeaderScrollingViewBehavior: HeaderScrollingViewBehavior(android.content.Context,android.util.AttributeSet)
android.support.design.widget.NavigationView
android.support.design.widget.NavigationView: NavigationView(android.content.Context)
android.support.design.widget.NavigationView: NavigationView(android.content.Context,android.util.AttributeSet)
android.support.design.widget.NavigationView: NavigationView(android.content.Context,android.util.AttributeSet,int)
android.support.design.widget.NavigationView: void setNavigationItemSelectedListener(android.support.design.widget.NavigationView$OnNavigationItemSelectedListener)
android.support.design.widget.NavigationView: android.view.Menu getMenu()
android.support.design.widget.NavigationView: int getHeaderCount()
android.support.design.widget.NavigationView: android.content.res.ColorStateList getItemIconTintList()
android.support.design.widget.NavigationView: void setItemIconTintList(android.content.res.ColorStateList)
android.support.design.widget.NavigationView: android.content.res.ColorStateList getItemTextColor()
android.support.design.widget.NavigationView: void setItemTextColor(android.content.res.ColorStateList)
android.support.design.widget.NavigationView: android.graphics.drawable.Drawable getItemBackground()
android.support.design.widget.NavigationView: void setItemBackgroundResource(int)
android.support.design.widget.NavigationView: void setItemBackground(android.graphics.drawable.Drawable)
android.support.design.widget.NavigationView: void setCheckedItem(int)
android.support.design.widget.NavigationView$SavedState: android.os.Parcelable$Creator CREATOR
android.support.design.widget.Snackbar$2: void onClick(android.view.View)