app/build/outputs/mapping/release/mapping.txt
android.support.v7.widget.AppCompatAutoCompleteTextView -> android.support.v7.widget.g:
    int[] TINT_ATTRS -> a
    android.support.v7.widget.AppCompatBackgroundHelper mBackgroundTintHelper -> b
    android.support.v7.widget.AppCompatTextHelper mTextHelper -> c
    void <init>(android.content.Context) -> <init>
    void <init>(android.content.Context,android.util.AttributeSet) -> <init>
    void <init>(android.content.Context,android.util.AttributeSet,int) -> <init>
    void setDropDownBackgroundResource(int) -> setDropDownBackgroundResource
    void setBackgroundResource(int) -> setBackgroundResource
    void setBackgroundDrawable(android.graphics.drawable.Drawable) -> setBackgroundDrawable
    void setSupportBackgroundTintList(android.content.res.ColorStateList) -> setSupportBackgroundTintList
    android.content.res.ColorStateList getSupportBackgroundTintList() -> getSupportBackgroundTintList
    void setSupportBackgroundTintMode(android.graphics.PorterDuff$Mode) -> setSupportBackgroundTintMode
    android.graphics.PorterDuff$Mode getSupportBackgroundTintMode() -> getSupportBackgroundTintMode
    void drawableStateChanged() -> drawableStateChanged
    void setTextAppearance(android.content.Context,int) -> setTextAppearance
    void <clinit>() -> <clinit>
android.support.v7.widget.AppCompatBackgroundHelper -> android.support.v7.widget.h:
    android.view.View mView -> a
    android.support.v7.widget.AppCompatDrawableManager mDrawableManager -> b
    int mBackgroundResId -> c
    android.support.v7.widget.AppCompatBackgroundHelper$BackgroundTintInfo mInternalBackgroundTint -> d
    android.support.v7.widget.AppCompatBackgroundHelper$BackgroundTintInfo mBackgroundTint -> e
    android.support.v7.widget.AppCompatBackgroundHelper$BackgroundTintInfo mTmpInfo -> f
    void <init>(android.view.View) -> <init>
    void loadFromAttributes(android.util.AttributeSet,int) -> a
    void onSetBackgroundResource(int) -> a
    void onSetBackgroundDrawable$130e17e7() -> a
    void setSupportBackgroundTintList(android.content.res.ColorStateList) -> a
    boolean updateBackgroundTint() -> e
    android.content.res.ColorStateList getSupportBackgroundTintList() -> b
    void setSupportBackgroundTintMode(android.graphics.PorterDuff$Mode) -> a
    android.graphics.PorterDuff$Mode getSupportBackgroundTintMode() -> c
    void applySupportBackgroundTint() -> d
    void setInternalBackgroundTint(android.content.res.ColorStateList) -> b
android.support.v7.widget.AppCompatBackgroundHelper$BackgroundTintInfo -> android.support.v7.widget.h$a:
    android.content.res.ColorStateList mOriginalTintList -> a
    void <init>() -> <init>
    void clear() -> a
    void <init>(byte) -> <init>