app/build/outputs/mapping/release/usage.txt
android.support.v4.widget.SwipeProgressBar
android.support.v4.widget.SwipeRefreshLayout
android.support.v4.widget.SwipeRefreshLayout$1
android.support.v4.widget.SwipeRefreshLayout$2
android.support.v4.widget.SwipeRefreshLayout$3
android.support.v4.widget.SwipeRefreshLayout$4
android.support.v4.widget.SwipeRefreshLayout$5
android.support.v4.widget.SwipeRefreshLayout$6
android.support.v4.widget.SwipeRefreshLayout$7
android.support.v4.widget.SwipeRefreshLayout$8
android.support.v4.widget.SwipeRefreshLayout$OnChildScrollUpCallback
android.support.v4.widget.SwipeRefreshLayout$OnRefreshListener
android.support.v4.widget.TextViewCompat:
    34:34:private TextViewCompat()
    225:226:public static void setCompoundDrawablesRelativeWithIntrinsicBounds(android.widget.TextView,android.graphics.drawable.Drawable,android.graphics.drawable.Drawable,android.graphics.drawable.Drawable,android.graphics.drawable.Drawable)
    249:250:public static void setCompoundDrawablesRelativeWithIntrinsicBounds(android.widget.TextView,int,int,int,int)
    257:257:public static int getMaxLines(android.widget.TextView)
    265:265:public static int getMinLines(android.widget.TextView)
    278:279:public static void setTextAppearance(android.widget.TextView,int)
    285:285:public static android.graphics.drawable.Drawable[] getCompoundDrawablesRelative(android.widget.TextView)
android.support.v4.widget.TextViewCompat$Api23TextViewCompatImpl:
    166:167:public void setTextAppearance(android.widget.TextView,int)
android.support.v4.widget.TextViewCompat$BaseTextViewCompatImpl:
    64:65:public void setCompoundDrawablesRelativeWithIntrinsicBounds(android.widget.TextView,android.graphics.drawable.Drawable,android.graphics.drawable.Drawable,android.graphics.drawable.Drawable,android.graphics.drawable.Drawable)
    71:72:public void setCompoundDrawablesRelativeWithIntrinsicBounds(android.widget.TextView,int,int,int,int)
    76:76:public int getMaxLines(android.widget.TextView)
    81:81:public int getMinLines(android.widget.TextView)
    86:87:public void setTextAppearance(android.widget.TextView,int)
    91:91:public android.graphics.drawable.Drawable[] getCompoundDrawablesRelative(android.widget.TextView)
android.support.v4.widget.TextViewCompat$JbMr1TextViewCompatImpl:
    119:121:public void setCompoundDrawablesRelativeWithIntrinsicBounds(android.widget.TextView,android.graphics.drawable.Drawable,android.graphics.drawable.Drawable,android.graphics.drawable.Drawable,android.graphics.drawable.Drawable)
    127:129:public void setCompoundDrawablesRelativeWithIntrinsicBounds(android.widget.TextView,int,int,int,int)
    133:133:public android.graphics.drawable.Drawable[] getCompoundDrawablesRelative(android.widget.TextView)
android.support.v4.widget.TextViewCompat$JbMr2TextViewCompatImpl:
    149:152:public void setCompoundDrawablesRelativeWithIntrinsicBounds(android.widget.TextView,android.graphics.drawable.Drawable,android.graphics.drawable.Drawable,android.graphics.drawable.Drawable,android.graphics.drawable.Drawable)
    158:160:public void setCompoundDrawablesRelativeWithIntrinsicBounds(android.widget.TextView,int,int,int,int)
android.support.v4.widget.TextViewCompat$JbTextViewCompatImpl:
    98:98:public int getMaxLines(android.widget.TextView)
    103:103:public int getMinLines(android.widget.TextView)